<?xml version="1.0" encoding="UTF-8"?>
<!-- Generated by org.testng.reporters.JUnitXMLReporter -->
<testsuite hostname="Mani-PC" name="Login(failed)" tests="1" failures="1" timestamp="22 Jun 2019 11:45:12 GMT" time="402.741" errors="0">
  <testcase name="feature" time="396.879" classname="com.cucumber.framework.runner.Infotech_HR.Login_runner">
    <failure type="cucumber.runtime.CucumberException" message="java.lang.AssertionError: Login_infotech is fail expected [true] but found [false]">
      <![CDATA[cucumber.runtime.CucumberException: java.lang.AssertionError: Login_infotech is fail expected [true] but found [false]
	at cucumber.api.testng.TestNGCucumberRunner.runCucumber(TestNGCucumberRunner.java:69)
	at cucumber.api.testng.AbstractTestNGCucumberTests.feature(AbstractTestNGCucumberTests.java:21)
Caused by: java.lang.AssertionError: Login_infotech is fail expected [true] but found [false]
	at com.cucumber.framework.stepdefinition.InfoTech_cloud.Login_infotech.verify_the_System_user_login_successfully(Login_infotech.java:120)
	at ✽.And Verify the System user login successfully(featurefile/Infofeature/Login.feature:91)
... Removed 27 stack frames]]>
    </failure>
  </testcase> <!-- feature -->
</testsuite> <!-- Login(failed) -->
