<?xml version="1.0" encoding="UTF-8"?>
<!-- Generated by org.testng.reporters.JUnitXMLReporter -->
<testsuite hostname="INFO-LTP-014" name="Login_failed" tests="2" failures="0" timestamp="14 Jul 2019 05:45:43 GMT" time="79.698" errors="0">
  <testcase name="feature" time="59.902" classname="com.cucumber.framework.runner.Infotech_HR.failedscenario"/>
  <testcase name="feature" time="19.412" classname="com.cucumber.framework.runner.Infotech_HR.failedscenario"/>
</testsuite> <!-- Login_failed -->
