<?xml version="1.0" encoding="UTF-8"?>
<!-- Generated by org.testng.reporters.JUnitXMLReporter -->
<testsuite hostname="Mani-PC" name="LoginRunner" tests="1" failures="1" timestamp="15 Jun 2019 06:56:48 GMT" time="3.361" errors="0">
  <testcase name="@AfterClass tearDownClass" time="0.0" classname="com.cucumber.framework.runner.login.LoginRunner">
    <failure type="cucumber.runtime.CucumberException" message="java.io.IOException: Failed to create directory D:\Cucumber-20180707T130409Z-001\Cucumber\cucumberSeleniumFramework-master\Reports">
      <![CDATA[cucumber.runtime.CucumberException: java.io.IOException: Failed to create directory D:\Cucumber-20180707T130409Z-001\Cucumber\cucumberSeleniumFramework-master\Reports
	at cucumber.runtime.formatter.PluginFactory.create(PluginFactory.java:89)
	at cucumber.runtime.RuntimeOptions.getPlugins(RuntimeOptions.java:245)
	at cucumber.runtime.RuntimeOptions$1.invoke(RuntimeOptions.java:291)
	at com.sun.proxy.$Proxy17.done(Unknown Source)
	at cucumber.api.testng.TestNGCucumberRunner.finish(TestNGCucumberRunner.java:76)
	at cucumber.api.testng.AbstractTestNGCucumberTests.tearDownClass(AbstractTestNGCucumberTests.java:34)
Caused by: java.io.IOException: Failed to create directory D:\Cucumber-20180707T130409Z-001\Cucumber\cucumberSeleniumFramework-master\Reports
	at cucumber.runtime.io.URLOutputStream.ensureParentDirExists(URLOutputStream.java:53)
	at cucumber.runtime.io.URLOutputStream.<init>(URLOutputStream.java:33)
	at cucumber.runtime.io.URLOutputStream.<init>(URLOutputStream.java:24)
	at cucumber.runtime.formatter.PluginFactory.convertOrNull(PluginFactory.java:142)
	at cucumber.runtime.formatter.PluginFactory.instantiate(PluginFactory.java:99)
	at cucumber.runtime.formatter.PluginFactory.create(PluginFactory.java:87)
	... 29 more
... Removed 24 stack frames]]>
    </failure>
  </testcase> <!-- @AfterClass tearDownClass -->
  <testcase name="feature" time="0.1" classname="com.cucumber.framework.runner.login.LoginRunner">
    <failure type="cucumber.runtime.CucumberException" message="java.io.IOException: Failed to create directory D:\Cucumber-20180707T130409Z-001\Cucumber\cucumberSeleniumFramework-master\Reports">
      <![CDATA[cucumber.runtime.CucumberException: java.io.IOException: Failed to create directory D:\Cucumber-20180707T130409Z-001\Cucumber\cucumberSeleniumFramework-master\Reports
	at cucumber.runtime.formatter.PluginFactory.create(PluginFactory.java:89)
	at cucumber.runtime.RuntimeOptions.getPlugins(RuntimeOptions.java:245)
	at cucumber.runtime.RuntimeOptions$1.invoke(RuntimeOptions.java:291)
	at com.sun.proxy.$Proxy17.uri(Unknown Source)
	at cucumber.runtime.model.CucumberFeature.run(CucumberFeature.java:160)
	at cucumber.api.testng.TestNGCucumberRunner.runCucumber(TestNGCucumberRunner.java:63)
	at cucumber.api.testng.AbstractTestNGCucumberTests.feature(AbstractTestNGCucumberTests.java:21)
Caused by: java.io.IOException: Failed to create directory D:\Cucumber-20180707T130409Z-001\Cucumber\cucumberSeleniumFramework-master\Reports
	at cucumber.runtime.io.URLOutputStream.ensureParentDirExists(URLOutputStream.java:53)
	at cucumber.runtime.io.URLOutputStream.<init>(URLOutputStream.java:33)
	at cucumber.runtime.io.URLOutputStream.<init>(URLOutputStream.java:24)
	at cucumber.runtime.formatter.PluginFactory.convertOrNull(PluginFactory.java:142)
	at cucumber.runtime.formatter.PluginFactory.instantiate(PluginFactory.java:99)
	at cucumber.runtime.formatter.PluginFactory.create(PluginFactory.java:87)
	... 30 more
... Removed 24 stack frames]]>
    </failure>
  </testcase> <!-- feature -->
</testsuite> <!-- LoginRunner -->
