<?xml version="1.0" encoding="UTF-8"?>
<!-- Generated by org.testng.reporters.JUnitXMLReporter -->
<testsuite hostname="INFO-LTP-014" name="Login2" tests="1" failures="1" timestamp="8 Jul 2019 06:48:57 GMT" time="2335.335" errors="0">
  <testcase name="feature" time="2333.956" classname="com.cucumber.framework.runner.Employee_Basic_Details.Mobile">
    <failure type="cucumber.runtime.CucumberException" message="java.lang.NullPointerException">
      <![CDATA[cucumber.runtime.CucumberException: java.lang.NullPointerException
	at cucumber.api.testng.TestNGCucumberRunner.runCucumber(TestNGCucumberRunner.java:69)
	at cucumber.api.testng.AbstractTestNGCucumberTests.feature(AbstractTestNGCucumberTests.java:21)
Caused by: java.lang.NullPointerException
	at org.openqa.selenium.support.pagefactory.internal.LocatingElementHandler.invoke(LocatingElementHandler.java:51)
	at com.sun.proxy.$Proxy19.sendKeys(Unknown Source)
	at com.cucumber.framework.InfoTech.Leave_Software.SearchEmployeeDetails(Leave_Software.java:272)
	at com.cucumber.framework.stepdefinition.InfoTech_cloud.Leave_Software_Step.enter_the_Employee_name_in_search_text_field(Leave_Software_Step.java:165)
	at ✽.Then Enter the Employee name in search text field "secondEmps"(featurefile/Basic_Employee_Details/Mobile.feature:35)
... Removed 28 stack frames]]>
    </failure>
  </testcase> <!-- feature -->
</testsuite> <!-- Login2 -->
