<?xml version="1.0" encoding="UTF-8"?>
<!-- Generated by org.testng.reporters.JUnitXMLReporter -->
<testsuite hostname="LAPTOP-P9U8PG08" ignored="0" name="Question_1" tests="2" failures="0" timestamp="10 Apr 2020 08:01:08 GMT" time="405.313" errors="0">
  <testcase name="feature" time="260.517" classname="cucumber.api.testng.AbstractTestNGCucumberTests"/>
  <testcase name="feature" time="143.872" classname="cucumber.api.testng.AbstractTestNGCucumberTests"/>
</testsuite> <!-- Question_1 -->
