<?xml version="1.0" encoding="UTF-8"?>
<!-- Generated by org.testng.reporters.JUnitXMLReporter -->
<testsuite hostname="LAPTOP-P9U8PG08" ignored="0" name="useraccess_runner_PO_and_login_forgot_po" tests="2" failures="0" timestamp="10 Apr 2020 06:28:32 GMT" time="351.354" errors="0">
  <testcase name="feature" time="227.044" classname="cucumber.api.testng.AbstractTestNGCucumberTests"/>
  <testcase name="feature" time="123.385" classname="cucumber.api.testng.AbstractTestNGCucumberTests"/>
</testsuite> <!-- useraccess_runner_PO_and_login_forgot_po -->
